[INFO] Scanning for projects...
[INFO] 
[INFO] ------------------------< com.App:lbs-backend >-------------------------
[INFO] Building lbs-backend 0.0.1-SNAPSHOT
[INFO]   from pom.xml
[INFO] --------------------------------[ jar ]---------------------------------
[WARNING] The POM for net.sf.jasperreports:jasperreports-pdf-utils:jar:7.0.1 is missing, no dependency information available
[INFO] ------------------------------------------------------------------------
[INFO] BUILD FAILURE
[INFO] ------------------------------------------------------------------------
[INFO] Total time:  1.205 s
[INFO] Finished at: 2026-03-31T18:05:22+01:00
[INFO] ------------------------------------------------------------------------
[ERROR] Failed to execute goal on project lbs-backend: Could not resolve dependencies for project com.App:lbs-backend:jar:0.0.1-SNAPSHOT
[ERROR] dependency: net.sf.jasperreports:jasperreports-pdf-utils:jar:7.0.1 (compile)
[ERROR] 	net.sf.jasperreports:jasperreports-pdf-utils:jar:7.0.1 was not found in https://repo.maven.apache.org/maven2 during a previous attempt. This failure was cached in the local repository and resolution is not reattempted until the update interval of central has elapsed or updates are forced
[ERROR] -> [Help 1]
[ERROR] 
[ERROR] To see the full stack trace of the errors, re-run Maven with the -e switch.
[ERROR] Re-run Maven using the -X switch to enable full debug logging.
[ERROR] 
[ERROR] For more information about the errors and possible solutions, please read the following articles:
[ERROR] [Help 1] http://cwiki.apache.org/confluence/display/MAVEN/DependencyResolutionException
